<?xml version="1.0" encoding="UTF-8"?>
<testsuites name="01 - Login" time="85.673" tests="1" failures="0" errors="0">
   <testsuite name="01 - Login" tests="1" failures="0" errors="0" time="85.673" skipped="0" timestamp="2022-02-16 18:34:55" hostname="isaac - DESKTOP-BPONDF2" id="Test Suites/01 - Test Suites/03 - Regression/01 - Login">
      <properties>
         <property name="deviceName" value="emulator-5554 (Android SDK built for x86 - Android 11)"/>
         <property name="devicePlatform" value=""/>
         <property name="logFolder" value="C:\\Users\\isaac\\git\\fintech-ewallet-katalonstudio\\Reports\\20220216_183123\\01 - Test Suites\\03 - Regression\\01 - Login\\20220216_183131"/>
         <property name="logFiles" value="C:\\Users\\isaac\\git\\fintech-ewallet-katalonstudio\\Reports\\20220216_183123\\01 - Test Suites\\03 - Regression\\01 - Login\\20220216_183131\\appium.log, C:\\Users\\isaac\\git\\fintech-ewallet-katalonstudio\\Reports\\20220216_183123\\01 - Test Suites\\03 - Regression\\01 - Login\\20220216_183131\\execution0.log"/>
         <property name="attachments" value=""/>
         <property name="hostName" value="isaac - DESKTOP-BPONDF2"/>
         <property name="os" value="Windows 10 64bit"/>
         <property name="appiumServerStatus" value="{&quot;value&quot;:{&quot;build&quot;:{&quot;version&quot;:&quot;1.22.2&quot;}},&quot;sessionId&quot;:null,&quot;status&quot;:0}"/>
         <property name="katalonVersion" value="8.2.0.208"/>
         <property name="deviceOS" value="Android"/>
         <property name="appiumVersion" value="1.22.2"/>
         <property name="deviceModel" value="Android SDK built for x86"/>
         <property name="hostAddress" value="192.168.68.113"/>
         <property name="deviceManufacturer" value="unknown"/>
         <property name="deviceId" value="emulator-5554"/>
         <property name="deviceName" value="emulator-5554 (Android SDK built for x86 - Android 11)"/>
         <property name="deviceOSVersion" value="11"/>
      </properties>
      <testcase name="Test Cases/01 - eWallet/02 - Login/2 - Login Successfully - First Time" time="84.993" classname="Test Cases/01 - eWallet/02 - Login/2 - Login Successfully - First Time" status="PASSED">
         <system-out><![CDATA[2022-02-16 18:34:56 - [TEST_CASE][PASSED] - Test Cases/01 - eWallet/02 - Login/2 - Login Successfully - First Time: Test Cases/01 - eWallet/02 - Login/2 - Login Successfully - First Time

2022-02-16 18:34:57 - [TEST_STEP][PASSED] - callTestCase(findTestCase("01 - eWallet/0 - Common Steps/01 - Start Aplication/Start Application"), [:], STOP_ON_FAILURE): Call Test Case 'Test Cases/01 - eWallet/0 - Common Steps/01 - Start Aplication/Start Application' successfully

2022-02-16 18:34:58 - [TEST_CASE][PASSED] - Test Cases/01 - eWallet/0 - Common Steps/01 - Start Aplication/Start Application: Test Cases/01 - eWallet/0 - Common Steps/01 - Start Aplication/Start Application

2022-02-16 18:34:59 - [TEST_STEP][PASSED] - comment("Start Application in the Mobile"): Start Application in the Mobile

2022-02-16 18:34:59 - [MESSAGE][INFO] - Start Application in the Mobile

2022-02-16 18:34:59 - [TEST_STEP][PASSED] - startApplication(eWalletApk, true): Started app at: 'C:\Users\isaac\Desktop\Clientes\Actuales\Everis\AbInbev\app-stagingMx-universal-release.apk'

2022-02-16 18:35:02 - [MESSAGE][INFO] - User set preference: ['appWaitActivity', '*']

2022-02-16 18:35:02 - [MESSAGE][INFO] - User set preference: ['deviceId', '']

2022-02-16 18:35:07 - [MESSAGE][INFO] - Appium server started on port 65.468

2022-02-16 18:35:59 - [MESSAGE][PASSED] - Started app at: 'C:\Users\isaac\Desktop\Clientes\Actuales\Everis\AbInbev\app-stagingMx-universal-release.apk'

2022-02-16 18:35:59 - [MESSAGE][PASSED] - Call Test Case 'Test Cases/01 - eWallet/0 - Common Steps/01 - Start Aplication/Start Application' successfully

2022-02-16 18:35:59 - [TEST_STEP][PASSED] - waitForElementPresent(findTestObject("01 - eWallet/01 - Welcome/07 - Ya tengo cuenta Link"), 30): Element 'Object Repository/01 - eWallet/01 - Welcome/07 - Ya tengo cuenta Link' is present

2022-02-16 18:36:01 - [MESSAGE][PASSED] - Element 'Object Repository/01 - eWallet/01 - Welcome/07 - Ya tengo cuenta Link' is present

2022-02-16 18:36:01 - [TEST_STEP][PASSED] - tap(findTestObject("01 - eWallet/01 - Welcome/07 - Ya tengo cuenta Link"), 10): Tapped on element 'Object Repository/01 - eWallet/01 - Welcome/07 - Ya tengo cuenta Link'

2022-02-16 18:36:02 - [MESSAGE][PASSED] - Tapped on element 'Object Repository/01 - eWallet/01 - Welcome/07 - Ya tengo cuenta Link'

2022-02-16 18:36:02 - [TEST_STEP][PASSED] - setText(findTestObject("01 - eWallet/02 - Login/03 - Numero celular"), phoneNumber, 10): Text '5591899694' has been set to element 'Object Repository/01 - eWallet/02 - Login/03 - Numero celular'

2022-02-16 18:36:05 - [MESSAGE][PASSED] - Text '5591899694' has been set to element 'Object Repository/01 - eWallet/02 - Login/03 - Numero celular'

2022-02-16 18:36:05 - [TEST_STEP][PASSED] - setText(findTestObject("01 - eWallet/02 - Login/04 - Password"), password, 10): Text 'DulceStg30$$' has been set to element 'Object Repository/01 - eWallet/02 - Login/04 - Password'

2022-02-16 18:36:07 - [MESSAGE][PASSED] - Text 'DulceStg30$$' has been set to element 'Object Repository/01 - eWallet/02 - Login/04 - Password'

2022-02-16 18:36:07 - [TEST_STEP][PASSED] - tap(findTestObject("01 - eWallet/02 - Login/06 - Ingresar Button"), 10): Tapped on element 'Object Repository/01 - eWallet/02 - Login/06 - Ingresar Button'

2022-02-16 18:36:08 - [MESSAGE][PASSED] - Tapped on element 'Object Repository/01 - eWallet/02 - Login/06 - Ingresar Button'

2022-02-16 18:36:08 - [TEST_STEP][NOT_RUN] - tap(findTestObject("01 - eWallet/02 - Login/08 - En Otro momento"), 10): NOT_RUN: tap(findTestObject("01 - eWallet/02 - Login/08 - En Otro momento"), 10)

2022-02-16 18:36:08 - [MESSAGE][NOT_RUN] - NOT_RUN: tap(findTestObject("01 - eWallet/02 - Login/08 - En Otro momento"), 10)

2022-02-16 18:36:08 - [TEST_STEP][PASSED] - delay(10, CONTINUE_ON_FAILURE): Delayed 10 second(s)

2022-02-16 18:36:18 - [MESSAGE][PASSED] - Delayed 10 second(s)

2022-02-16 18:36:18 - [TEST_STEP][PASSED] - verifyElementVisible(findTestObject("01 - eWallet/03 - Home/03 - Bottom Menu/5 - perfil"), 10): Element 'Object Repository/01 - eWallet/03 - Home/03 - Bottom Menu/5 - perfil' is visible

2022-02-16 18:36:21 - [MESSAGE][PASSED] - Element 'Object Repository/01 - eWallet/03 - Home/03 - Bottom Menu/5 - perfil' is visible]]></system-out>
         <system-err><![CDATA[]]></system-err>
      </testcase>
      <system-out><![CDATA[2022-02-16 18:34:55 - [TEST_SUITE][PASSED] - 01 - Login: Test Cases/01 - eWallet/02 - Login/2 - Login Successfully - First Time]]></system-out>
      <system-err><![CDATA[]]></system-err>
   </testsuite>
</testsuites>
