<?xml version="1.0" encoding="UTF-8"?>
<testsuites name="01 - Login and Logout" time="113.51" tests="2" failures="0" errors="0">
   <testsuite name="01 - Login and Logout" tests="2" failures="0" errors="0" time="113.51" skipped="0" timestamp="2022-02-15 17:11:35" hostname="isaac - DESKTOP-BPONDF2" id="Test Suites/01 - Test Suites/03 - Regression/01 - Login and Logout">
      <properties>
         <property name="deviceName" value="samsung SM-G998B (Android 12)"/>
         <property name="devicePlatform" value=""/>
         <property name="logFolder" value="C:\\Users\\isaac\\git\\fintech-ewallet-katalonstudio\\Reports\\20220215_170937\\01 - Test Suites\\03 - Regression\\01 - Login and Logout\\20220215_170941"/>
         <property name="logFiles" value="C:\\Users\\isaac\\git\\fintech-ewallet-katalonstudio\\Reports\\20220215_170937\\01 - Test Suites\\03 - Regression\\01 - Login and Logout\\20220215_170941\\appium.log, C:\\Users\\isaac\\git\\fintech-ewallet-katalonstudio\\Reports\\20220215_170937\\01 - Test Suites\\03 - Regression\\01 - Login and Logout\\20220215_170941\\execution0.log"/>
         <property name="attachments" value=""/>
         <property name="hostName" value="isaac - DESKTOP-BPONDF2"/>
         <property name="os" value="Windows 10 64bit"/>
         <property name="appiumServerStatus" value="{&quot;value&quot;:{&quot;build&quot;:{&quot;version&quot;:&quot;1.21.0&quot;}},&quot;sessionId&quot;:null,&quot;status&quot;:0}"/>
         <property name="katalonVersion" value="8.2.0.208"/>
         <property name="deviceOS" value="Android"/>
         <property name="appiumVersion" value="1.21.0"/>
         <property name="deviceModel" value="SM-G998B"/>
         <property name="hostAddress" value="192.168.68.112"/>
         <property name="deviceManufacturer" value="samsung"/>
         <property name="deviceId" value="R5CR12G69LZ"/>
         <property name="deviceName" value="samsung SM-G998B (Android 12)"/>
         <property name="deviceOSVersion" value="12"/>
      </properties>
      <testcase name="Test Cases/01 - eWallet/02 - Login/2 - Login Successfully - First Time" time="63.257" classname="Test Cases/01 - eWallet/02 - Login/2 - Login Successfully - First Time" status="PASSED">
         <system-out><![CDATA[2022-02-15 17:11:36 - [TEST_CASE][PASSED] - Test Cases/01 - eWallet/02 - Login/2 - Login Successfully - First Time: Test Cases/01 - eWallet/02 - Login/2 - Login Successfully - First Time

2022-02-15 17:11:37 - [TEST_STEP][PASSED] - callTestCase(findTestCase("01 - eWallet/0 - Common Steps/01 - Start Aplication/Start Application"), [:], STOP_ON_FAILURE): Call Test Case 'Test Cases/01 - eWallet/0 - Common Steps/01 - Start Aplication/Start Application' successfully

2022-02-15 17:11:37 - [TEST_CASE][PASSED] - Test Cases/01 - eWallet/0 - Common Steps/01 - Start Aplication/Start Application: Test Cases/01 - eWallet/0 - Common Steps/01 - Start Aplication/Start Application

2022-02-15 17:11:38 - [TEST_STEP][PASSED] - comment("Start Application in the Mobile"): Start Application in the Mobile

2022-02-15 17:11:39 - [MESSAGE][INFO] - Start Application in the Mobile

2022-02-15 17:11:39 - [TEST_STEP][PASSED] - startApplication(eWalletApk, false): Started app at: 'C:\Users\isaac\Desktop\Clientes\Actuales\Everis\AbInbev\app-stagingMx-universal-release.apk'

2022-02-15 17:11:45 - [MESSAGE][INFO] - Appium server started on port 64.199

2022-02-15 17:12:05 - [MESSAGE][PASSED] - Started app at: 'C:\Users\isaac\Desktop\Clientes\Actuales\Everis\AbInbev\app-stagingMx-universal-release.apk'

2022-02-15 17:12:05 - [MESSAGE][PASSED] - Call Test Case 'Test Cases/01 - eWallet/0 - Common Steps/01 - Start Aplication/Start Application' successfully

2022-02-15 17:12:05 - [TEST_STEP][PASSED] - waitForElementPresent(findTestObject("01 - eWallet/01 - Welcome/07 - Ya tengo cuenta Link"), 30): Element 'Object Repository/01 - eWallet/01 - Welcome/07 - Ya tengo cuenta Link' is present

2022-02-15 17:12:06 - [MESSAGE][PASSED] - Element 'Object Repository/01 - eWallet/01 - Welcome/07 - Ya tengo cuenta Link' is present

2022-02-15 17:12:06 - [TEST_STEP][PASSED] - tap(findTestObject("01 - eWallet/01 - Welcome/07 - Ya tengo cuenta Link"), 10): Tapped on element 'Object Repository/01 - eWallet/01 - Welcome/07 - Ya tengo cuenta Link'

2022-02-15 17:12:07 - [MESSAGE][PASSED] - Tapped on element 'Object Repository/01 - eWallet/01 - Welcome/07 - Ya tengo cuenta Link'

2022-02-15 17:12:07 - [TEST_STEP][PASSED] - setText(findTestObject("01 - eWallet/02 - Login/03 - Numero celular"), phoneNumber, 10): Text '5591899694' has been set to element 'Object Repository/01 - eWallet/02 - Login/03 - Numero celular'

2022-02-15 17:12:09 - [MESSAGE][PASSED] - Text '5591899694' has been set to element 'Object Repository/01 - eWallet/02 - Login/03 - Numero celular'

2022-02-15 17:12:09 - [TEST_STEP][PASSED] - setText(findTestObject("01 - eWallet/02 - Login/04 - Password"), password, 10): Text 'DulceStg30$$' has been set to element 'Object Repository/01 - eWallet/02 - Login/04 - Password'

2022-02-15 17:12:11 - [MESSAGE][PASSED] - Text 'DulceStg30$$' has been set to element 'Object Repository/01 - eWallet/02 - Login/04 - Password'

2022-02-15 17:12:11 - [TEST_STEP][PASSED] - tap(findTestObject("01 - eWallet/02 - Login/06 - Ingresar Button"), 10): Tapped on element 'Object Repository/01 - eWallet/02 - Login/06 - Ingresar Button'

2022-02-15 17:12:12 - [MESSAGE][PASSED] - Tapped on element 'Object Repository/01 - eWallet/02 - Login/06 - Ingresar Button'

2022-02-15 17:12:12 - [TEST_STEP][PASSED] - tap(findTestObject("01 - eWallet/02 - Login/08 - En Otro momento"), 10): Tapped on element 'Object Repository/01 - eWallet/02 - Login/08 - En Otro momento'

2022-02-15 17:12:13 - [MESSAGE][PASSED] - Tapped on element 'Object Repository/01 - eWallet/02 - Login/08 - En Otro momento'

2022-02-15 17:12:13 - [TEST_STEP][PASSED] - delay(10, CONTINUE_ON_FAILURE): Delayed 10 second(s)

2022-02-15 17:12:23 - [MESSAGE][PASSED] - Delayed 10 second(s)

2022-02-15 17:12:23 - [TEST_STEP][PASSED] - verifyElementVisible(findTestObject("01 - eWallet/03 - Home/03 - Bottom Menu/5 - perfil"), 10): Element 'Object Repository/01 - eWallet/03 - Home/03 - Bottom Menu/5 - perfil' is visible

2022-02-15 17:12:34 - [MESSAGE][PASSED] - Element 'Object Repository/01 - eWallet/03 - Home/03 - Bottom Menu/5 - perfil' is visible

2022-02-15 17:12:34 - [TEST_STEP][PASSED] - callTestCase(findTestCase("01 - eWallet/0 - Common Steps/03 - Logout/Logout"), [:], CONTINUE_ON_FAILURE): Call Test Case 'Test Cases/01 - eWallet/0 - Common Steps/03 - Logout/Logout' successfully

2022-02-15 17:12:34 - [TEST_CASE][PASSED] - Test Cases/01 - eWallet/0 - Common Steps/03 - Logout/Logout: Test Cases/01 - eWallet/0 - Common Steps/03 - Logout/Logout

2022-02-15 17:12:34 - [TEST_STEP][PASSED] - tap(findTestObject("01 - eWallet/03 - Home/03 - Bottom Menu/55 Perfil"), 10): Tapped on element 'Object Repository/01 - eWallet/03 - Home/03 - Bottom Menu/55 Perfil'

2022-02-15 17:12:35 - [MESSAGE][PASSED] - Tapped on element 'Object Repository/01 - eWallet/03 - Home/03 - Bottom Menu/55 Perfil'

2022-02-15 17:12:35 - [TEST_STEP][PASSED] - tap(findTestObject("01 - eWallet/03 - Home/cerrarSesion"), 10): Tapped on element 'Object Repository/01 - eWallet/03 - Home/cerrarSesion'

2022-02-15 17:12:36 - [MESSAGE][PASSED] - Tapped on element 'Object Repository/01 - eWallet/03 - Home/cerrarSesion'

2022-02-15 17:12:36 - [TEST_STEP][PASSED] - verifyElementVisible(findTestObject("01 - eWallet/03 - Home/salir"), 10): Element 'Object Repository/01 - eWallet/03 - Home/salir' is visible

2022-02-15 17:12:38 - [MESSAGE][PASSED] - Element 'Object Repository/01 - eWallet/03 - Home/salir' is visible

2022-02-15 17:12:38 - [TEST_STEP][PASSED] - closeApplication(): Close app successfully

2022-02-15 17:12:39 - [MESSAGE][PASSED] - Close app successfully

2022-02-15 17:12:39 - [MESSAGE][PASSED] - Call Test Case 'Test Cases/01 - eWallet/0 - Common Steps/03 - Logout/Logout' successfully]]></system-out>
         <system-err><![CDATA[]]></system-err>
      </testcase>
      <testcase name="Test Cases/01 - eWallet/02 - Login/4 - Login and Logout Successfully" time="49.538" classname="Test Cases/01 - eWallet/02 - Login/4 - Login and Logout Successfully" status="PASSED">
         <system-out><![CDATA[2022-02-15 17:12:39 - [TEST_CASE][PASSED] - Test Cases/01 - eWallet/02 - Login/4 - Login and Logout Successfully: Test Cases/01 - eWallet/02 - Login/4 - Login and Logout Successfully

2022-02-15 17:12:40 - [TEST_STEP][PASSED] - callTestCase(findTestCase("01 - eWallet/0 - Common Steps/01 - Start Aplication/Start Application"), [:], STOP_ON_FAILURE): Call Test Case 'Test Cases/01 - eWallet/0 - Common Steps/01 - Start Aplication/Start Application' successfully

2022-02-15 17:12:40 - [TEST_CASE][PASSED] - Test Cases/01 - eWallet/0 - Common Steps/01 - Start Aplication/Start Application: Test Cases/01 - eWallet/0 - Common Steps/01 - Start Aplication/Start Application

2022-02-15 17:12:40 - [TEST_STEP][PASSED] - comment("Start Application in the Mobile"): Start Application in the Mobile

2022-02-15 17:12:40 - [MESSAGE][INFO] - Start Application in the Mobile

2022-02-15 17:12:40 - [TEST_STEP][PASSED] - startApplication(eWalletApk, false): Started app at: 'C:\Users\isaac\Desktop\Clientes\Actuales\Everis\AbInbev\app-stagingMx-universal-release.apk'

2022-02-15 17:12:43 - [MESSAGE][INFO] - Appium server started on port 59.110

2022-02-15 17:13:03 - [MESSAGE][PASSED] - Started app at: 'C:\Users\isaac\Desktop\Clientes\Actuales\Everis\AbInbev\app-stagingMx-universal-release.apk'

2022-02-15 17:13:03 - [MESSAGE][PASSED] - Call Test Case 'Test Cases/01 - eWallet/0 - Common Steps/01 - Start Aplication/Start Application' successfully

2022-02-15 17:13:03 - [TEST_STEP][PASSED] - callTestCase(findTestCase("01 - eWallet/0 - Common Steps/02 - Login/Login"), [:], CONTINUE_ON_FAILURE): Call Test Case 'Test Cases/01 - eWallet/0 - Common Steps/02 - Login/Login' successfully

2022-02-15 17:13:03 - [TEST_CASE][PASSED] - Test Cases/01 - eWallet/0 - Common Steps/02 - Login/Login: Test Cases/01 - eWallet/0 - Common Steps/02 - Login/Login

2022-02-15 17:13:04 - [TEST_STEP][PASSED] - setText(findTestObject("01 - eWallet/02 - Login/04 - Password"), password, 10): Text 'DulceStg30$$' has been set to element 'Object Repository/01 - eWallet/02 - Login/04 - Password'

2022-02-15 17:13:06 - [MESSAGE][PASSED] - Text 'DulceStg30$$' has been set to element 'Object Repository/01 - eWallet/02 - Login/04 - Password'

2022-02-15 17:13:06 - [TEST_STEP][PASSED] - tap(findTestObject("01 - eWallet/02 - Login/06 - Ingresar Button"), 10): Tapped on element 'Object Repository/01 - eWallet/02 - Login/06 - Ingresar Button'

2022-02-15 17:13:07 - [MESSAGE][PASSED] - Tapped on element 'Object Repository/01 - eWallet/02 - Login/06 - Ingresar Button'

2022-02-15 17:13:07 - [TEST_STEP][PASSED] - tap(findTestObject("01 - eWallet/02 - Login/08 - En Otro momento"), 10): Tapped on element 'Object Repository/01 - eWallet/02 - Login/08 - En Otro momento'

2022-02-15 17:13:08 - [MESSAGE][PASSED] - Tapped on element 'Object Repository/01 - eWallet/02 - Login/08 - En Otro momento'

2022-02-15 17:13:08 - [TEST_STEP][PASSED] - verifyElementVisible(findTestObject("01 - eWallet/03 - Home/03 - Bottom Menu/5 - perfil"), 10): Element 'Object Repository/01 - eWallet/03 - Home/03 - Bottom Menu/5 - perfil' is visible

2022-02-15 17:13:19 - [MESSAGE][PASSED] - Element 'Object Repository/01 - eWallet/03 - Home/03 - Bottom Menu/5 - perfil' is visible

2022-02-15 17:13:19 - [MESSAGE][PASSED] - Call Test Case 'Test Cases/01 - eWallet/0 - Common Steps/02 - Login/Login' successfully

2022-02-15 17:13:19 - [TEST_STEP][PASSED] - delay(5, CONTINUE_ON_FAILURE): Delayed 5 second(s)

2022-02-15 17:13:24 - [MESSAGE][PASSED] - Delayed 5 second(s)

2022-02-15 17:13:24 - [TEST_STEP][PASSED] - callTestCase(findTestCase("01 - eWallet/0 - Common Steps/03 - Logout/Logout"), [:], CONTINUE_ON_FAILURE): Call Test Case 'Test Cases/01 - eWallet/0 - Common Steps/03 - Logout/Logout' successfully

2022-02-15 17:13:24 - [TEST_CASE][PASSED] - Test Cases/01 - eWallet/0 - Common Steps/03 - Logout/Logout: Test Cases/01 - eWallet/0 - Common Steps/03 - Logout/Logout

2022-02-15 17:13:24 - [TEST_STEP][PASSED] - tap(findTestObject("01 - eWallet/03 - Home/03 - Bottom Menu/55 Perfil"), 10): Tapped on element 'Object Repository/01 - eWallet/03 - Home/03 - Bottom Menu/55 Perfil'

2022-02-15 17:13:24 - [MESSAGE][PASSED] - Tapped on element 'Object Repository/01 - eWallet/03 - Home/03 - Bottom Menu/55 Perfil'

2022-02-15 17:13:24 - [TEST_STEP][PASSED] - tap(findTestObject("01 - eWallet/03 - Home/cerrarSesion"), 10): Tapped on element 'Object Repository/01 - eWallet/03 - Home/cerrarSesion'

2022-02-15 17:13:25 - [MESSAGE][PASSED] - Tapped on element 'Object Repository/01 - eWallet/03 - Home/cerrarSesion'

2022-02-15 17:13:25 - [TEST_STEP][PASSED] - verifyElementVisible(findTestObject("01 - eWallet/03 - Home/salir"), 10): Element 'Object Repository/01 - eWallet/03 - Home/salir' is visible

2022-02-15 17:13:27 - [MESSAGE][PASSED] - Element 'Object Repository/01 - eWallet/03 - Home/salir' is visible

2022-02-15 17:13:27 - [TEST_STEP][PASSED] - closeApplication(): Close app successfully

2022-02-15 17:13:28 - [MESSAGE][PASSED] - Close app successfully

2022-02-15 17:13:28 - [MESSAGE][PASSED] - Call Test Case 'Test Cases/01 - eWallet/0 - Common Steps/03 - Logout/Logout' successfully]]></system-out>
         <system-err><![CDATA[]]></system-err>
      </testcase>
      <system-out><![CDATA[2022-02-15 17:11:35 - [TEST_SUITE][PASSED] - 01 - Login and Logout: Test Cases/01 - eWallet/02 - Login/4 - Login and Logout Successfully]]></system-out>
      <system-err><![CDATA[]]></system-err>
   </testsuite>
</testsuites>
