<?xml version="1.0" encoding="UTF-8"?>
<testsuites name="02 - CashIn Emulator" time="108.136" tests="1" failures="0" errors="0">
   <testsuite name="02 - CashIn Emulator" tests="1" failures="0" errors="0" time="108.136" skipped="0" timestamp="2022-02-17 10:22:09" hostname="isaac - DESKTOP-BPONDF2" id="Test Suites/01 - Test Suites/03 - Regression/02 - CashIn Emulator">
      <properties>
         <property name="deviceName" value="emulator-5554 (Android SDK built for x86 - Android 11)"/>
         <property name="devicePlatform" value=""/>
         <property name="logFolder" value="C:\\Users\\isaac\\git\\fintech-ewallet-katalonstudio\\Reports\\20220217_101055\\01 - Test Suites\\03 - Regression\\02 - CashIn Emulator\\20220217_101110"/>
         <property name="logFiles" value="C:\\Users\\isaac\\git\\fintech-ewallet-katalonstudio\\Reports\\20220217_101055\\01 - Test Suites\\03 - Regression\\02 - CashIn Emulator\\20220217_101110\\appium.log, C:\\Users\\isaac\\git\\fintech-ewallet-katalonstudio\\Reports\\20220217_101055\\01 - Test Suites\\03 - Regression\\02 - CashIn Emulator\\20220217_101110\\execution0.log"/>
         <property name="attachments" value=""/>
         <property name="hostName" value="isaac - DESKTOP-BPONDF2"/>
         <property name="os" value="Windows 10 64bit"/>
         <property name="appiumServerStatus" value="{&quot;value&quot;:{&quot;build&quot;:{&quot;version&quot;:&quot;1.22.2&quot;}},&quot;sessionId&quot;:null,&quot;status&quot;:0}"/>
         <property name="katalonVersion" value="8.2.0.208"/>
         <property name="deviceOS" value="Android"/>
         <property name="appiumVersion" value="1.22.2"/>
         <property name="deviceModel" value="Android SDK built for x86"/>
         <property name="hostAddress" value="192.168.68.113"/>
         <property name="deviceManufacturer" value="unknown"/>
         <property name="deviceId" value="emulator-5554"/>
         <property name="deviceName" value="emulator-5554 (Android SDK built for x86 - Android 11)"/>
         <property name="deviceOSVersion" value="11"/>
      </properties>
      <testcase name="Test Cases/01 - eWallet/04 - Cash In/01 - storeDeposit" time="107.575" classname="Test Cases/01 - eWallet/04 - Cash In/01 - storeDeposit" status="PASSED">
         <system-out><![CDATA[2022-02-17 10:22:10 - [TEST_CASE][PASSED] - Test Cases/01 - eWallet/04 - Cash In/01 - storeDeposit: Test Cases/01 - eWallet/04 - Cash In/01 - storeDeposit

2022-02-17 10:22:11 - [TEST_STEP][PASSED] - callTestCase(findTestCase("01 - eWallet/02 - Login/2 - Login Successfully - First Time"), [:], CONTINUE_ON_FAILURE): Call Test Case 'Test Cases/01 - eWallet/02 - Login/2 - Login Successfully - First Time' successfully

2022-02-17 10:22:11 - [TEST_CASE][PASSED] - Test Cases/01 - eWallet/02 - Login/2 - Login Successfully - First Time: Test Cases/01 - eWallet/02 - Login/2 - Login Successfully - First Time

2022-02-17 10:22:12 - [TEST_STEP][PASSED] - callTestCase(findTestCase("01 - eWallet/0 - Common Steps/01 - Start Aplication/Start Application"), [:], STOP_ON_FAILURE): Call Test Case 'Test Cases/01 - eWallet/0 - Common Steps/01 - Start Aplication/Start Application' successfully

2022-02-17 10:22:12 - [TEST_CASE][PASSED] - Test Cases/01 - eWallet/0 - Common Steps/01 - Start Aplication/Start Application: Test Cases/01 - eWallet/0 - Common Steps/01 - Start Aplication/Start Application

2022-02-17 10:22:13 - [TEST_STEP][PASSED] - comment("Start Application in the Mobile"): Start Application in the Mobile

2022-02-17 10:22:13 - [MESSAGE][INFO] - Start Application in the Mobile

2022-02-17 10:22:13 - [TEST_STEP][PASSED] - startApplication(eWalletApk, true): Started app at: 'C:\Users\isaac\Desktop\Clientes\Actuales\Everis\AbInbev\app-stagingMx-universal-release.apk'

2022-02-17 10:22:16 - [MESSAGE][INFO] - User set preference: ['appWaitActivity', '*']

2022-02-17 10:22:16 - [MESSAGE][INFO] - User set preference: ['deviceId', '']

2022-02-17 10:22:20 - [MESSAGE][INFO] - Appium server started on port 52.218

2022-02-17 10:23:03 - [MESSAGE][PASSED] - Started app at: 'C:\Users\isaac\Desktop\Clientes\Actuales\Everis\AbInbev\app-stagingMx-universal-release.apk'

2022-02-17 10:23:03 - [MESSAGE][PASSED] - Call Test Case 'Test Cases/01 - eWallet/0 - Common Steps/01 - Start Aplication/Start Application' successfully

2022-02-17 10:23:03 - [TEST_STEP][PASSED] - waitForElementPresent(findTestObject("01 - eWallet/01 - Welcome/07 - Ya tengo cuenta Link"), 30): Element 'Object Repository/01 - eWallet/01 - Welcome/07 - Ya tengo cuenta Link' is present

2022-02-17 10:23:05 - [MESSAGE][PASSED] - Element 'Object Repository/01 - eWallet/01 - Welcome/07 - Ya tengo cuenta Link' is present

2022-02-17 10:23:05 - [TEST_STEP][PASSED] - tap(findTestObject("01 - eWallet/01 - Welcome/07 - Ya tengo cuenta Link"), 10): Tapped on element 'Object Repository/01 - eWallet/01 - Welcome/07 - Ya tengo cuenta Link'

2022-02-17 10:23:06 - [MESSAGE][PASSED] - Tapped on element 'Object Repository/01 - eWallet/01 - Welcome/07 - Ya tengo cuenta Link'

2022-02-17 10:23:06 - [TEST_STEP][PASSED] - setText(findTestObject("01 - eWallet/02 - Login/03 - Numero celular"), phoneNumber, 10): Text '5591899694' has been set to element 'Object Repository/01 - eWallet/02 - Login/03 - Numero celular'

2022-02-17 10:23:09 - [MESSAGE][PASSED] - Text '5591899694' has been set to element 'Object Repository/01 - eWallet/02 - Login/03 - Numero celular'

2022-02-17 10:23:09 - [TEST_STEP][PASSED] - setText(findTestObject("01 - eWallet/02 - Login/04 - Password"), password, 10): Text 'DulceStg30$$' has been set to element 'Object Repository/01 - eWallet/02 - Login/04 - Password'

2022-02-17 10:23:11 - [MESSAGE][PASSED] - Text 'DulceStg30$$' has been set to element 'Object Repository/01 - eWallet/02 - Login/04 - Password'

2022-02-17 10:23:11 - [TEST_STEP][PASSED] - tap(findTestObject("01 - eWallet/02 - Login/06 - Ingresar Button"), 10): Tapped on element 'Object Repository/01 - eWallet/02 - Login/06 - Ingresar Button'

2022-02-17 10:23:12 - [MESSAGE][PASSED] - Tapped on element 'Object Repository/01 - eWallet/02 - Login/06 - Ingresar Button'

2022-02-17 10:23:12 - [TEST_STEP][NOT_RUN] - tap(findTestObject("01 - eWallet/02 - Login/08 - En Otro momento"), 10): NOT_RUN: tap(findTestObject("01 - eWallet/02 - Login/08 - En Otro momento"), 10)

2022-02-17 10:23:12 - [MESSAGE][NOT_RUN] - NOT_RUN: tap(findTestObject("01 - eWallet/02 - Login/08 - En Otro momento"), 10)

2022-02-17 10:23:12 - [TEST_STEP][PASSED] - delay(10, CONTINUE_ON_FAILURE): Delayed 10 second(s)

2022-02-17 10:23:22 - [MESSAGE][PASSED] - Delayed 10 second(s)

2022-02-17 10:23:22 - [TEST_STEP][PASSED] - verifyElementVisible(findTestObject("01 - eWallet/03 - Home/03 - Bottom Menu/5 - perfil"), 10): Element 'Object Repository/01 - eWallet/03 - Home/03 - Bottom Menu/5 - perfil' is visible

2022-02-17 10:23:24 - [MESSAGE][PASSED] - Element 'Object Repository/01 - eWallet/03 - Home/03 - Bottom Menu/5 - perfil' is visible

2022-02-17 10:23:24 - [MESSAGE][PASSED] - Call Test Case 'Test Cases/01 - eWallet/02 - Login/2 - Login Successfully - First Time' successfully

2022-02-17 10:23:24 - [TEST_STEP][PASSED] - tap(findTestObject("01 - eWallet/03 - Home/01 - Header/05 - recargar Button"), 10): Tapped on element 'Object Repository/01 - eWallet/03 - Home/01 - Header/05 - recargar Button'

2022-02-17 10:23:26 - [MESSAGE][PASSED] - Tapped on element 'Object Repository/01 - eWallet/03 - Home/01 - Header/05 - recargar Button'

2022-02-17 10:23:26 - [TEST_STEP][PASSED] - tap(findTestObject("01 - eWallet/04 - CashIn/02 - Recarga en Comercios"), 10): Tapped on element 'Object Repository/01 - eWallet/04 - CashIn/02 - Recarga en Comercios'

2022-02-17 10:23:28 - [MESSAGE][PASSED] - Tapped on element 'Object Repository/01 - eWallet/04 - CashIn/02 - Recarga en Comercios'

2022-02-17 10:23:28 - [TEST_STEP][PASSED] - tap(findTestObject("01 - eWallet/04 - CashIn/03 - first Store"), 10): Tapped on element 'Object Repository/01 - eWallet/04 - CashIn/03 - first Store'

2022-02-17 10:23:31 - [MESSAGE][PASSED] - Tapped on element 'Object Repository/01 - eWallet/04 - CashIn/03 - first Store'

2022-02-17 10:23:31 - [TEST_STEP][PASSED] - tap(findTestObject("01 - eWallet/04 - CashIn/04 - digit 2"), 10): Tapped on element 'Object Repository/01 - eWallet/04 - CashIn/04 - digit 2'

2022-02-17 10:23:33 - [MESSAGE][PASSED] - Tapped on element 'Object Repository/01 - eWallet/04 - CashIn/04 - digit 2'

2022-02-17 10:23:33 - [TEST_STEP][PASSED] - tap(findTestObject("01 - eWallet/04 - CashIn/05 - digit 0"), 10): Tapped on element 'Object Repository/01 - eWallet/04 - CashIn/05 - digit 0'

2022-02-17 10:23:34 - [MESSAGE][PASSED] - Tapped on element 'Object Repository/01 - eWallet/04 - CashIn/05 - digit 0'

2022-02-17 10:23:34 - [TEST_STEP][PASSED] - tap(findTestObject("01 - eWallet/04 - CashIn/05 - digit 0"), 10): Tapped on element 'Object Repository/01 - eWallet/04 - CashIn/05 - digit 0'

2022-02-17 10:23:35 - [MESSAGE][PASSED] - Tapped on element 'Object Repository/01 - eWallet/04 - CashIn/05 - digit 0'

2022-02-17 10:23:35 - [TEST_STEP][PASSED] - tap(findTestObject("01 - eWallet/04 - CashIn/05 - digit 0"), 10): Tapped on element 'Object Repository/01 - eWallet/04 - CashIn/05 - digit 0'

2022-02-17 10:23:36 - [MESSAGE][PASSED] - Tapped on element 'Object Repository/01 - eWallet/04 - CashIn/05 - digit 0'

2022-02-17 10:23:36 - [TEST_STEP][PASSED] - tap(findTestObject("01 - eWallet/04 - CashIn/07 - continuar Button"), 10): Tapped on element 'Object Repository/01 - eWallet/04 - CashIn/07 - continuar Button'

2022-02-17 10:23:37 - [MESSAGE][PASSED] - Tapped on element 'Object Repository/01 - eWallet/04 - CashIn/07 - continuar Button'

2022-02-17 10:23:37 - [TEST_STEP][PASSED] - delay(10, CONTINUE_ON_FAILURE): Delayed 10 second(s)

2022-02-17 10:23:47 - [MESSAGE][PASSED] - Delayed 10 second(s)

2022-02-17 10:23:47 - [TEST_STEP][PASSED] - tap(findTestObject("01 - eWallet/04 - CashIn/14 - x Icon"), 10): Tapped on element 'Object Repository/01 - eWallet/04 - CashIn/14 - x Icon'

2022-02-17 10:23:48 - [MESSAGE][PASSED] - Tapped on element 'Object Repository/01 - eWallet/04 - CashIn/14 - x Icon'

2022-02-17 10:23:48 - [TEST_STEP][PASSED] - delay(2, CONTINUE_ON_FAILURE): Delayed 2 second(s)

2022-02-17 10:23:50 - [MESSAGE][PASSED] - Delayed 2 second(s)

2022-02-17 10:23:50 - [TEST_STEP][PASSED] - callTestCase(findTestCase("01 - eWallet/0 - Common Steps/03 - Logout/Logout"), [:], CONTINUE_ON_FAILURE): Call Test Case 'Test Cases/01 - eWallet/0 - Common Steps/03 - Logout/Logout' successfully

2022-02-17 10:23:50 - [TEST_CASE][PASSED] - Test Cases/01 - eWallet/0 - Common Steps/03 - Logout/Logout: Test Cases/01 - eWallet/0 - Common Steps/03 - Logout/Logout

2022-02-17 10:23:50 - [TEST_STEP][PASSED] - tap(findTestObject("01 - eWallet/03 - Home/03 - Bottom Menu/55 Perfil"), 10): Tapped on element 'Object Repository/01 - eWallet/03 - Home/03 - Bottom Menu/55 Perfil'

2022-02-17 10:23:50 - [MESSAGE][PASSED] - Tapped on element 'Object Repository/01 - eWallet/03 - Home/03 - Bottom Menu/55 Perfil'

2022-02-17 10:23:50 - [TEST_STEP][PASSED] - tap(findTestObject("01 - eWallet/03 - Home/cerrarSesion"), 10): Tapped on element 'Object Repository/01 - eWallet/03 - Home/cerrarSesion'

2022-02-17 10:23:52 - [MESSAGE][PASSED] - Tapped on element 'Object Repository/01 - eWallet/03 - Home/cerrarSesion'

2022-02-17 10:23:52 - [TEST_STEP][PASSED] - verifyElementVisible(findTestObject("01 - eWallet/03 - Home/salir"), 10): Element 'Object Repository/01 - eWallet/03 - Home/salir' is visible

2022-02-17 10:23:54 - [MESSAGE][PASSED] - Element 'Object Repository/01 - eWallet/03 - Home/salir' is visible

2022-02-17 10:23:54 - [TEST_STEP][PASSED] - closeApplication(): Close app successfully

2022-02-17 10:23:57 - [MESSAGE][PASSED] - Close app successfully

2022-02-17 10:23:57 - [MESSAGE][PASSED] - Call Test Case 'Test Cases/01 - eWallet/0 - Common Steps/03 - Logout/Logout' successfully]]></system-out>
         <system-err><![CDATA[]]></system-err>
      </testcase>
      <system-out><![CDATA[2022-02-17 10:22:09 - [TEST_SUITE][PASSED] - 02 - CashIn Emulator: Test Cases/01 - eWallet/04 - Cash In/01 - storeDeposit]]></system-out>
      <system-err><![CDATA[]]></system-err>
   </testsuite>
</testsuites>
