<?xml version="1.0" encoding="UTF-8"?>
<testsuites name="03 - CashOut" time="168.881" tests="1" failures="0" errors="0">
   <testsuite name="03 - CashOut" tests="1" failures="0" errors="0" time="168.881" skipped="0" timestamp="2022-02-17 10:24:18" hostname="isaac - DESKTOP-BPONDF2" id="Test Suites/01 - Test Suites/03 - Regression/03 - CashOut">
      <properties>
         <property name="deviceName" value="emulator-5554 (Android SDK built for x86 - Android 11)"/>
         <property name="devicePlatform" value=""/>
         <property name="logFolder" value="C:\\Users\\isaac\\git\\fintech-ewallet-katalonstudio\\Reports\\20220217_101055\\01 - Test Suites\\03 - Regression\\03 - CashOut\\20220217_101115"/>
         <property name="logFiles" value="C:\\Users\\isaac\\git\\fintech-ewallet-katalonstudio\\Reports\\20220217_101055\\01 - Test Suites\\03 - Regression\\03 - CashOut\\20220217_101115\\appium.log, C:\\Users\\isaac\\git\\fintech-ewallet-katalonstudio\\Reports\\20220217_101055\\01 - Test Suites\\03 - Regression\\03 - CashOut\\20220217_101115\\execution0.log"/>
         <property name="attachments" value=""/>
         <property name="hostName" value="isaac - DESKTOP-BPONDF2"/>
         <property name="os" value="Windows 10 64bit"/>
         <property name="appiumServerStatus" value="{&quot;value&quot;:{&quot;build&quot;:{&quot;version&quot;:&quot;1.22.2&quot;}},&quot;sessionId&quot;:null,&quot;status&quot;:0}"/>
         <property name="katalonVersion" value="8.2.0.208"/>
         <property name="deviceOS" value="Android"/>
         <property name="appiumVersion" value="1.22.2"/>
         <property name="deviceModel" value="Android SDK built for x86"/>
         <property name="hostAddress" value="192.168.68.113"/>
         <property name="deviceManufacturer" value="unknown"/>
         <property name="deviceId" value="emulator-5554"/>
         <property name="deviceName" value="emulator-5554 (Android SDK built for x86 - Android 11)"/>
         <property name="deviceOSVersion" value="11"/>
      </properties>
      <testcase name="Test Cases/01 - eWallet/05 - Cash Out/mobileTopUp" time="168.3" classname="Test Cases/01 - eWallet/05 - Cash Out/mobileTopUp" status="PASSED">
         <system-out><![CDATA[2022-02-17 10:24:18 - [TEST_CASE][PASSED] - Test Cases/01 - eWallet/05 - Cash Out/mobileTopUp: Test Cases/01 - eWallet/05 - Cash Out/mobileTopUp

2022-02-17 10:24:19 - [TEST_STEP][PASSED] - callTestCase(findTestCase("01 - eWallet/02 - Login/2 - Login Successfully - First Time"), [:], CONTINUE_ON_FAILURE): Call Test Case 'Test Cases/01 - eWallet/02 - Login/2 - Login Successfully - First Time' successfully

2022-02-17 10:24:20 - [TEST_CASE][PASSED] - Test Cases/01 - eWallet/02 - Login/2 - Login Successfully - First Time: Test Cases/01 - eWallet/02 - Login/2 - Login Successfully - First Time

2022-02-17 10:24:21 - [TEST_STEP][PASSED] - callTestCase(findTestCase("01 - eWallet/0 - Common Steps/01 - Start Aplication/Start Application"), [:], STOP_ON_FAILURE): Call Test Case 'Test Cases/01 - eWallet/0 - Common Steps/01 - Start Aplication/Start Application' successfully

2022-02-17 10:24:21 - [TEST_CASE][PASSED] - Test Cases/01 - eWallet/0 - Common Steps/01 - Start Aplication/Start Application: Test Cases/01 - eWallet/0 - Common Steps/01 - Start Aplication/Start Application

2022-02-17 10:24:22 - [TEST_STEP][PASSED] - comment("Start Application in the Mobile"): Start Application in the Mobile

2022-02-17 10:24:22 - [MESSAGE][INFO] - Start Application in the Mobile

2022-02-17 10:24:22 - [TEST_STEP][PASSED] - startApplication(eWalletApk, true): Started app at: 'C:\Users\isaac\Desktop\Clientes\Actuales\Everis\AbInbev\app-stagingMx-universal-release.apk'

2022-02-17 10:24:25 - [MESSAGE][INFO] - User set preference: ['appWaitActivity', '*']

2022-02-17 10:24:25 - [MESSAGE][INFO] - User set preference: ['deviceId', '']

2022-02-17 10:24:29 - [MESSAGE][INFO] - Appium server started on port 52.496

2022-02-17 10:25:23 - [MESSAGE][PASSED] - Started app at: 'C:\Users\isaac\Desktop\Clientes\Actuales\Everis\AbInbev\app-stagingMx-universal-release.apk'

2022-02-17 10:25:23 - [MESSAGE][PASSED] - Call Test Case 'Test Cases/01 - eWallet/0 - Common Steps/01 - Start Aplication/Start Application' successfully

2022-02-17 10:25:23 - [TEST_STEP][PASSED] - waitForElementPresent(findTestObject("01 - eWallet/01 - Welcome/07 - Ya tengo cuenta Link"), 30): Element 'Object Repository/01 - eWallet/01 - Welcome/07 - Ya tengo cuenta Link' is present

2022-02-17 10:25:26 - [MESSAGE][PASSED] - Element 'Object Repository/01 - eWallet/01 - Welcome/07 - Ya tengo cuenta Link' is present

2022-02-17 10:25:26 - [TEST_STEP][PASSED] - tap(findTestObject("01 - eWallet/01 - Welcome/07 - Ya tengo cuenta Link"), 10): Tapped on element 'Object Repository/01 - eWallet/01 - Welcome/07 - Ya tengo cuenta Link'

2022-02-17 10:25:27 - [MESSAGE][PASSED] - Tapped on element 'Object Repository/01 - eWallet/01 - Welcome/07 - Ya tengo cuenta Link'

2022-02-17 10:25:27 - [TEST_STEP][PASSED] - setText(findTestObject("01 - eWallet/02 - Login/03 - Numero celular"), phoneNumber, 10): Text '5591899694' has been set to element 'Object Repository/01 - eWallet/02 - Login/03 - Numero celular'

2022-02-17 10:25:32 - [MESSAGE][PASSED] - Text '5591899694' has been set to element 'Object Repository/01 - eWallet/02 - Login/03 - Numero celular'

2022-02-17 10:25:32 - [TEST_STEP][PASSED] - setText(findTestObject("01 - eWallet/02 - Login/04 - Password"), password, 10): Text 'DulceStg30$$' has been set to element 'Object Repository/01 - eWallet/02 - Login/04 - Password'

2022-02-17 10:25:35 - [MESSAGE][PASSED] - Text 'DulceStg30$$' has been set to element 'Object Repository/01 - eWallet/02 - Login/04 - Password'

2022-02-17 10:25:35 - [TEST_STEP][PASSED] - tap(findTestObject("01 - eWallet/02 - Login/06 - Ingresar Button"), 10): Tapped on element 'Object Repository/01 - eWallet/02 - Login/06 - Ingresar Button'

2022-02-17 10:25:37 - [MESSAGE][PASSED] - Tapped on element 'Object Repository/01 - eWallet/02 - Login/06 - Ingresar Button'

2022-02-17 10:25:37 - [TEST_STEP][NOT_RUN] - tap(findTestObject("01 - eWallet/02 - Login/08 - En Otro momento"), 10): NOT_RUN: tap(findTestObject("01 - eWallet/02 - Login/08 - En Otro momento"), 10)

2022-02-17 10:25:37 - [MESSAGE][NOT_RUN] - NOT_RUN: tap(findTestObject("01 - eWallet/02 - Login/08 - En Otro momento"), 10)

2022-02-17 10:25:37 - [TEST_STEP][PASSED] - delay(10, CONTINUE_ON_FAILURE): Delayed 10 second(s)

2022-02-17 10:25:47 - [MESSAGE][PASSED] - Delayed 10 second(s)

2022-02-17 10:25:47 - [TEST_STEP][PASSED] - verifyElementVisible(findTestObject("01 - eWallet/03 - Home/03 - Bottom Menu/5 - perfil"), 10): Element 'Object Repository/01 - eWallet/03 - Home/03 - Bottom Menu/5 - perfil' is visible

2022-02-17 10:25:53 - [MESSAGE][PASSED] - Element 'Object Repository/01 - eWallet/03 - Home/03 - Bottom Menu/5 - perfil' is visible

2022-02-17 10:25:53 - [MESSAGE][PASSED] - Call Test Case 'Test Cases/01 - eWallet/02 - Login/2 - Login Successfully - First Time' successfully

2022-02-17 10:25:53 - [TEST_STEP][PASSED] - waitForElementPresent(findTestObject("01 - eWallet/03 - Home/01 - Header/06 - pagar Button"), 20): Element 'Object Repository/01 - eWallet/03 - Home/01 - Header/06 - pagar Button' is present

2022-02-17 10:25:54 - [MESSAGE][PASSED] - Element 'Object Repository/01 - eWallet/03 - Home/01 - Header/06 - pagar Button' is present

2022-02-17 10:25:54 - [TEST_STEP][PASSED] - tap(findTestObject("01 - eWallet/03 - Home/01 - Header/06 - pagar Button"), 20): Tapped on element 'Object Repository/01 - eWallet/03 - Home/01 - Header/06 - pagar Button'

2022-02-17 10:25:55 - [MESSAGE][PASSED] - Tapped on element 'Object Repository/01 - eWallet/03 - Home/01 - Header/06 - pagar Button'

2022-02-17 10:25:55 - [TEST_STEP][PASSED] - delay(2, CONTINUE_ON_FAILURE): Delayed 2 second(s)

2022-02-17 10:25:57 - [MESSAGE][PASSED] - Delayed 2 second(s)

2022-02-17 10:25:57 - [TEST_STEP][PASSED] - waitForElementPresent(findTestObject("01 - eWallet/5 - CashOut/01 - recarga de saldo"), 20): Element 'Object Repository/01 - eWallet/5 - CashOut/01 - recarga de saldo' is present

2022-02-17 10:25:58 - [MESSAGE][PASSED] - Element 'Object Repository/01 - eWallet/5 - CashOut/01 - recarga de saldo' is present

2022-02-17 10:25:58 - [TEST_STEP][PASSED] - tap(findTestObject("01 - eWallet/5 - CashOut/01 - recarga de saldo"), 20): Tapped on element 'Object Repository/01 - eWallet/5 - CashOut/01 - recarga de saldo'

2022-02-17 10:25:59 - [MESSAGE][PASSED] - Tapped on element 'Object Repository/01 - eWallet/5 - CashOut/01 - recarga de saldo'

2022-02-17 10:25:59 - [TEST_STEP][PASSED] - delay(2, CONTINUE_ON_FAILURE): Delayed 2 second(s)

2022-02-17 10:26:01 - [MESSAGE][PASSED] - Delayed 2 second(s)

2022-02-17 10:26:01 - [TEST_STEP][PASSED] - waitForElementPresent(findTestObject("01 - eWallet/5 - CashOut/06 - atyt"), 10): Element 'Object Repository/01 - eWallet/5 - CashOut/06 - atyt' is present

2022-02-17 10:26:04 - [MESSAGE][PASSED] - Element 'Object Repository/01 - eWallet/5 - CashOut/06 - atyt' is present

2022-02-17 10:26:04 - [TEST_STEP][PASSED] - tap(findTestObject("01 - eWallet/5 - CashOut/06 - atyt"), 10): Tapped on element 'Object Repository/01 - eWallet/5 - CashOut/06 - atyt'

2022-02-17 10:26:05 - [MESSAGE][PASSED] - Tapped on element 'Object Repository/01 - eWallet/5 - CashOut/06 - atyt'

2022-02-17 10:26:05 - [TEST_STEP][PASSED] - delay(3, CONTINUE_ON_FAILURE): Delayed 3 second(s)

2022-02-17 10:26:08 - [MESSAGE][PASSED] - Delayed 3 second(s)

2022-02-17 10:26:08 - [TEST_STEP][PASSED] - tap(findTestObject("01 - eWallet/5 - CashOut/5"), 2, CONTINUE_ON_FAILURE): Tapped on element 'Object Repository/01 - eWallet/5 - CashOut/5'

2022-02-17 10:26:09 - [MESSAGE][PASSED] - Tapped on element 'Object Repository/01 - eWallet/5 - CashOut/5'

2022-02-17 10:26:09 - [TEST_STEP][PASSED] - tap(findTestObject("01 - eWallet/5 - CashOut/5"), 2, CONTINUE_ON_FAILURE): Tapped on element 'Object Repository/01 - eWallet/5 - CashOut/5'

2022-02-17 10:26:10 - [MESSAGE][PASSED] - Tapped on element 'Object Repository/01 - eWallet/5 - CashOut/5'

2022-02-17 10:26:10 - [TEST_STEP][PASSED] - delay(2, CONTINUE_ON_FAILURE): Delayed 2 second(s)

2022-02-17 10:26:12 - [MESSAGE][PASSED] - Delayed 2 second(s)

2022-02-17 10:26:12 - [TEST_STEP][PASSED] - tap(findTestObject("01 - eWallet/5 - CashOut/6"), 2, CONTINUE_ON_FAILURE): Tapped on element 'Object Repository/01 - eWallet/5 - CashOut/6'

2022-02-17 10:26:13 - [MESSAGE][PASSED] - Tapped on element 'Object Repository/01 - eWallet/5 - CashOut/6'

2022-02-17 10:26:13 - [TEST_STEP][PASSED] - tap(findTestObject("01 - eWallet/5 - CashOut/8"), 2, CONTINUE_ON_FAILURE): Tapped on element 'Object Repository/01 - eWallet/5 - CashOut/8'

2022-02-17 10:26:14 - [MESSAGE][PASSED] - Tapped on element 'Object Repository/01 - eWallet/5 - CashOut/8'

2022-02-17 10:26:14 - [TEST_STEP][PASSED] - tap(findTestObject("01 - eWallet/5 - CashOut/6"), 2, CONTINUE_ON_FAILURE): Tapped on element 'Object Repository/01 - eWallet/5 - CashOut/6'

2022-02-17 10:26:15 - [MESSAGE][PASSED] - Tapped on element 'Object Repository/01 - eWallet/5 - CashOut/6'

2022-02-17 10:26:15 - [TEST_STEP][PASSED] - delay(2, CONTINUE_ON_FAILURE): Delayed 2 second(s)

2022-02-17 10:26:17 - [MESSAGE][PASSED] - Delayed 2 second(s)

2022-02-17 10:26:17 - [TEST_STEP][PASSED] - tap(findTestObject("01 - eWallet/5 - CashOut/9"), 2, CONTINUE_ON_FAILURE): Tapped on element 'Object Repository/01 - eWallet/5 - CashOut/9'

2022-02-17 10:26:18 - [MESSAGE][PASSED] - Tapped on element 'Object Repository/01 - eWallet/5 - CashOut/9'

2022-02-17 10:26:18 - [TEST_STEP][PASSED] - tap(findTestObject("01 - eWallet/5 - CashOut/0"), 2, CONTINUE_ON_FAILURE): Tapped on element 'Object Repository/01 - eWallet/5 - CashOut/0'

2022-02-17 10:26:19 - [MESSAGE][PASSED] - Tapped on element 'Object Repository/01 - eWallet/5 - CashOut/0'

2022-02-17 10:26:19 - [TEST_STEP][PASSED] - delay(2, CONTINUE_ON_FAILURE): Delayed 2 second(s)

2022-02-17 10:26:21 - [MESSAGE][PASSED] - Delayed 2 second(s)

2022-02-17 10:26:21 - [TEST_STEP][PASSED] - tap(findTestObject("01 - eWallet/5 - CashOut/4"), 2, CONTINUE_ON_FAILURE): Tapped on element 'Object Repository/01 - eWallet/5 - CashOut/4'

2022-02-17 10:26:22 - [MESSAGE][PASSED] - Tapped on element 'Object Repository/01 - eWallet/5 - CashOut/4'

2022-02-17 10:26:22 - [TEST_STEP][PASSED] - tap(findTestObject("01 - eWallet/5 - CashOut/6"), 2, CONTINUE_ON_FAILURE): Tapped on element 'Object Repository/01 - eWallet/5 - CashOut/6'

2022-02-17 10:26:23 - [MESSAGE][PASSED] - Tapped on element 'Object Repository/01 - eWallet/5 - CashOut/6'

2022-02-17 10:26:23 - [TEST_STEP][PASSED] - delay(2, CONTINUE_ON_FAILURE): Delayed 2 second(s)

2022-02-17 10:26:25 - [MESSAGE][PASSED] - Delayed 2 second(s)

2022-02-17 10:26:25 - [TEST_STEP][PASSED] - tap(findTestObject("01 - eWallet/5 - CashOut/0"), 2, CONTINUE_ON_FAILURE): Tapped on element 'Object Repository/01 - eWallet/5 - CashOut/0'

2022-02-17 10:26:26 - [MESSAGE][PASSED] - Tapped on element 'Object Repository/01 - eWallet/5 - CashOut/0'

2022-02-17 10:26:26 - [TEST_STEP][PASSED] - tap(findTestObject("01 - eWallet/5 - CashOut/18 - continuar Button"), 10): Tapped on element 'Object Repository/01 - eWallet/5 - CashOut/18 - continuar Button'

2022-02-17 10:26:27 - [MESSAGE][PASSED] - Tapped on element 'Object Repository/01 - eWallet/5 - CashOut/18 - continuar Button'

2022-02-17 10:26:27 - [TEST_STEP][PASSED] - delay(3, CONTINUE_ON_FAILURE): Delayed 3 second(s)

2022-02-17 10:26:30 - [MESSAGE][PASSED] - Delayed 3 second(s)

2022-02-17 10:26:30 - [TEST_STEP][PASSED] - tap(findTestObject("01 - eWallet/5 - CashOut/19 - montoDropDown"), 10): Tapped on element 'Object Repository/01 - eWallet/5 - CashOut/19 - montoDropDown'

2022-02-17 10:26:30 - [MESSAGE][PASSED] - Tapped on element 'Object Repository/01 - eWallet/5 - CashOut/19 - montoDropDown'

2022-02-17 10:26:30 - [TEST_STEP][PASSED] - tap(findTestObject("01 - eWallet/5 - CashOut/20 - 500 amount"), 10): Tapped on element 'Object Repository/01 - eWallet/5 - CashOut/20 - 500 amount'

2022-02-17 10:26:33 - [MESSAGE][PASSED] - Tapped on element 'Object Repository/01 - eWallet/5 - CashOut/20 - 500 amount'

2022-02-17 10:26:33 - [TEST_STEP][PASSED] - tap(findTestObject("01 - eWallet/5 - CashOut/21 - continuar Button"), 10): Tapped on element 'Object Repository/01 - eWallet/5 - CashOut/21 - continuar Button'

2022-02-17 10:26:33 - [MESSAGE][PASSED] - Tapped on element 'Object Repository/01 - eWallet/5 - CashOut/21 - continuar Button'

2022-02-17 10:26:33 - [TEST_STEP][PASSED] - delay(3, CONTINUE_ON_FAILURE): Delayed 3 second(s)

2022-02-17 10:26:36 - [MESSAGE][PASSED] - Delayed 3 second(s)

2022-02-17 10:26:36 - [TEST_STEP][PASSED] - tap(findTestObject("01 - eWallet/5 - CashOut/22 - continuar II"), 10): Tapped on element 'Object Repository/01 - eWallet/5 - CashOut/22 - continuar II'

2022-02-17 10:26:37 - [MESSAGE][PASSED] - Tapped on element 'Object Repository/01 - eWallet/5 - CashOut/22 - continuar II'

2022-02-17 10:26:37 - [TEST_STEP][PASSED] - delay(3, CONTINUE_ON_FAILURE): Delayed 3 second(s)

2022-02-17 10:26:40 - [MESSAGE][PASSED] - Delayed 3 second(s)

2022-02-17 10:26:40 - [TEST_STEP][PASSED] - callTestCase(findTestCase("01 - eWallet/0 - Common Steps/04 - Cashout/PIN"), [:], CONTINUE_ON_FAILURE): Call Test Case 'Test Cases/01 - eWallet/0 - Common Steps/04 - Cashout/PIN' successfully

2022-02-17 10:26:40 - [TEST_CASE][PASSED] - Test Cases/01 - eWallet/0 - Common Steps/04 - Cashout/PIN: Test Cases/01 - eWallet/0 - Common Steps/04 - Cashout/PIN

2022-02-17 10:26:41 - [TEST_STEP][PASSED] - tap(findTestObject("01 - eWallet/5 - CashOut/11 - 4 digit"), 10): Tapped on element 'Object Repository/01 - eWallet/5 - CashOut/11 - 4 digit'

2022-02-17 10:26:42 - [MESSAGE][PASSED] - Tapped on element 'Object Repository/01 - eWallet/5 - CashOut/11 - 4 digit'

2022-02-17 10:26:42 - [TEST_STEP][PASSED] - tap(findTestObject("01 - eWallet/5 - CashOut/09 - 2 digit"), 10): Tapped on element 'Object Repository/01 - eWallet/5 - CashOut/09 - 2 digit'

2022-02-17 10:26:43 - [MESSAGE][PASSED] - Tapped on element 'Object Repository/01 - eWallet/5 - CashOut/09 - 2 digit'

2022-02-17 10:26:43 - [TEST_STEP][PASSED] - tap(findTestObject("01 - eWallet/5 - CashOut/10 - 3 digit"), 10): Tapped on element 'Object Repository/01 - eWallet/5 - CashOut/10 - 3 digit'

2022-02-17 10:26:45 - [MESSAGE][PASSED] - Tapped on element 'Object Repository/01 - eWallet/5 - CashOut/10 - 3 digit'

2022-02-17 10:26:45 - [TEST_STEP][PASSED] - tap(findTestObject("01 - eWallet/5 - CashOut/08 - 1 digit"), 10): Tapped on element 'Object Repository/01 - eWallet/5 - CashOut/08 - 1 digit'

2022-02-17 10:26:46 - [MESSAGE][PASSED] - Tapped on element 'Object Repository/01 - eWallet/5 - CashOut/08 - 1 digit'

2022-02-17 10:26:46 - [TEST_STEP][PASSED] - tap(findTestObject("01 - eWallet/5 - CashOut/23 - confirmar Button"), 10): Tapped on element 'Object Repository/01 - eWallet/5 - CashOut/23 - confirmar Button'

2022-02-17 10:26:48 - [MESSAGE][PASSED] - Tapped on element 'Object Repository/01 - eWallet/5 - CashOut/23 - confirmar Button'

2022-02-17 10:26:48 - [TEST_STEP][PASSED] - delay(3, CONTINUE_ON_FAILURE): Delayed 3 second(s)

2022-02-17 10:26:51 - [MESSAGE][PASSED] - Delayed 3 second(s)

2022-02-17 10:26:51 - [MESSAGE][PASSED] - Call Test Case 'Test Cases/01 - eWallet/0 - Common Steps/04 - Cashout/PIN' successfully

2022-02-17 10:26:51 - [TEST_STEP][PASSED] - tap(findTestObject("01 - eWallet/5 - CashOut/24 - terminar Button"), 10): Tapped on element 'Object Repository/01 - eWallet/5 - CashOut/24 - terminar Button'

2022-02-17 10:26:52 - [MESSAGE][PASSED] - Tapped on element 'Object Repository/01 - eWallet/5 - CashOut/24 - terminar Button'

2022-02-17 10:26:52 - [TEST_STEP][PASSED] - delay(3, CONTINUE_ON_FAILURE): Delayed 3 second(s)

2022-02-17 10:26:55 - [MESSAGE][PASSED] - Delayed 3 second(s)

2022-02-17 10:26:55 - [TEST_STEP][PASSED] - callTestCase(findTestCase("01 - eWallet/0 - Common Steps/03 - Logout/Logout"), [:], CONTINUE_ON_FAILURE): Call Test Case 'Test Cases/01 - eWallet/0 - Common Steps/03 - Logout/Logout' successfully

2022-02-17 10:26:55 - [TEST_CASE][PASSED] - Test Cases/01 - eWallet/0 - Common Steps/03 - Logout/Logout: Test Cases/01 - eWallet/0 - Common Steps/03 - Logout/Logout

2022-02-17 10:26:56 - [TEST_STEP][PASSED] - tap(findTestObject("01 - eWallet/03 - Home/03 - Bottom Menu/55 Perfil"), 10): Tapped on element 'Object Repository/01 - eWallet/03 - Home/03 - Bottom Menu/55 Perfil'

2022-02-17 10:26:58 - [MESSAGE][PASSED] - Tapped on element 'Object Repository/01 - eWallet/03 - Home/03 - Bottom Menu/55 Perfil'

2022-02-17 10:26:58 - [TEST_STEP][PASSED] - tap(findTestObject("01 - eWallet/03 - Home/cerrarSesion"), 10): Tapped on element 'Object Repository/01 - eWallet/03 - Home/cerrarSesion'

2022-02-17 10:26:59 - [MESSAGE][PASSED] - Tapped on element 'Object Repository/01 - eWallet/03 - Home/cerrarSesion'

2022-02-17 10:26:59 - [TEST_STEP][PASSED] - verifyElementVisible(findTestObject("01 - eWallet/03 - Home/salir"), 10): Element 'Object Repository/01 - eWallet/03 - Home/salir' is visible

2022-02-17 10:27:02 - [MESSAGE][PASSED] - Element 'Object Repository/01 - eWallet/03 - Home/salir' is visible

2022-02-17 10:27:02 - [TEST_STEP][PASSED] - closeApplication(): Close app successfully

2022-02-17 10:27:07 - [MESSAGE][PASSED] - Close app successfully

2022-02-17 10:27:07 - [MESSAGE][PASSED] - Call Test Case 'Test Cases/01 - eWallet/0 - Common Steps/03 - Logout/Logout' successfully]]></system-out>
         <system-err><![CDATA[]]></system-err>
      </testcase>
      <system-out><![CDATA[2022-02-17 10:24:18 - [TEST_SUITE][PASSED] - 03 - CashOut: Test Cases/01 - eWallet/05 - Cash Out/mobileTopUp]]></system-out>
      <system-err><![CDATA[]]></system-err>
   </testsuite>
</testsuites>
